2013-02-08 09:15:05,377 [Worker-5] INFO  o.e.m.c.i.i.nexus.NexusIndexManager - Updating index for repository: nexus|http://mercurial:8081/nexus/content/groups/public
2013-02-08 09:15:05,462 [Worker-5] INFO  c.n.h.c.p.n.NettyAsyncHttpProvider - Number of application's worked threads is 16
2013-02-08 09:15:06,725 [Worker-4] INFO  o.e.m.c.i.l.LifecycleMappingFactory - Using org.eclipse.m2e.jdt.JarLifecycleMapping lifecycle mapping for MavenProject: com.theladders:solid-srp:0.0.1-SNAPSHOT @ /Users/tsymborski/projects/onboarding/day2/solid-exercises/The-Single-Responsibility-Principle/java/pom.xml.
2013-02-08 09:15:06,812 [Worker-5] INFO  o.e.m.c.i.i.nexus.NexusIndexManager - Updated index for repository: nexus|http://mercurial:8081/nexus/content/groups/public in 1441 ms
2013-02-08 09:15:06,823 [Worker-4] INFO  o.e.m.c.i.l.LifecycleMappingFactory - Using org.eclipse.m2e.jdt.JarLifecycleMapping lifecycle mapping for MavenProject: com.theladders:solid-ocp:0.0.1-SNAPSHOT @ /Users/tsymborski/projects/onboarding/day2/solid-exercises/The-Open-Closed-Principle/java/pom.xml.
2013-02-08 09:15:08,775 [Worker-0] INFO  o.e.m.c.i.l.LifecycleMappingFactory - Using org.eclipse.m2e.jdt.JarLifecycleMapping lifecycle mapping for MavenProject: com.theladders:solid-lsp:0.0.1-SNAPSHOT @ /Users/tsymborski/projects/onboarding/day2/solid-exercises/The-Liskov-Substitution-Principle/java/pom.xml.
2013-02-08 09:15:09,193 [Worker-0] INFO  o.e.m.c.i.embedder.EclipseLogger - Using 'UTF-8' encoding to copy filtered resources.
2013-02-08 09:15:09,193 [Worker-0] INFO  o.e.m.c.i.embedder.EclipseLogger - skip non existing resourceDirectory /Users/tsymborski/projects/onboarding/day2/solid-exercises/The-Liskov-Substitution-Principle/java/src/main/resources
2013-02-08 09:15:09,197 [Worker-0] INFO  o.e.m.c.i.embedder.EclipseLogger - Using 'UTF-8' encoding to copy filtered resources.
2013-02-08 09:15:09,197 [Worker-0] INFO  o.e.m.c.i.embedder.EclipseLogger - skip non existing resourceDirectory /Users/tsymborski/projects/onboarding/day2/solid-exercises/The-Liskov-Substitution-Principle/java/src/test/resources
2013-02-08 09:15:09,318 [Worker-0] INFO  o.e.m.c.i.l.LifecycleMappingFactory - Using org.eclipse.m2e.jdt.JarLifecycleMapping lifecycle mapping for MavenProject: com.theladders:solid-ocp:0.0.1-SNAPSHOT @ /Users/tsymborski/projects/onboarding/day2/solid-exercises/The-Open-Closed-Principle/java/pom.xml.
2013-02-08 09:15:09,353 [Worker-0] INFO  o.e.m.c.i.embedder.EclipseLogger - Using 'UTF-8' encoding to copy filtered resources.
2013-02-08 09:15:09,353 [Worker-0] INFO  o.e.m.c.i.embedder.EclipseLogger - skip non existing resourceDirectory /Users/tsymborski/projects/onboarding/day2/solid-exercises/The-Open-Closed-Principle/java/src/main/resources
2013-02-08 09:15:09,356 [Worker-0] INFO  o.e.m.c.i.embedder.EclipseLogger - Using 'UTF-8' encoding to copy filtered resources.
2013-02-08 09:15:09,356 [Worker-0] INFO  o.e.m.c.i.embedder.EclipseLogger - skip non existing resourceDirectory /Users/tsymborski/projects/onboarding/day2/solid-exercises/The-Open-Closed-Principle/java/src/test/resources
2013-02-08 09:15:09,593 [Worker-0] INFO  o.e.m.c.i.l.LifecycleMappingFactory - Using org.eclipse.m2e.jdt.JarLifecycleMapping lifecycle mapping for MavenProject: com.theladders:solid-srp:0.0.1-SNAPSHOT @ /Users/tsymborski/projects/onboarding/day2/solid-exercises/The-Single-Responsibility-Principle/java/pom.xml.
2013-02-08 09:15:09,625 [Worker-0] WARN  o.e.m.c.i.embedder.EclipseLogger - Using platform encoding (US-ASCII actually) to copy filtered resources, i.e. build is platform dependent!
2013-02-08 09:15:09,626 [Worker-0] INFO  o.e.m.c.i.embedder.EclipseLogger - skip non existing resourceDirectory /Users/tsymborski/projects/onboarding/day2/solid-exercises/The-Single-Responsibility-Principle/java/src/main/resources
2013-02-08 09:15:09,629 [Worker-0] WARN  o.e.m.c.i.embedder.EclipseLogger - Using platform encoding (US-ASCII actually) to copy filtered resources, i.e. build is platform dependent!
2013-02-08 09:15:09,630 [Worker-0] INFO  o.e.m.c.i.embedder.EclipseLogger - skip non existing resourceDirectory /Users/tsymborski/projects/onboarding/day2/solid-exercises/The-Single-Responsibility-Principle/java/src/test/resources
2013-02-08 09:15:10,710 [Worker-9] INFO  o.e.m.c.i.l.LifecycleMappingFactory - Using org.eclipse.m2e.jdt.JarLifecycleMapping lifecycle mapping for MavenProject: com.theladders:solid-srp:0.0.1-SNAPSHOT @ /Users/tsymborski/projects/onboarding/day2/solid-exercises/The-Single-Responsibility-Principle/java/pom.xml.
2013-02-08 09:15:10,732 [Worker-5] INFO  o.e.m.c.i.embedder.EclipseLogger - Using 'UTF-8' encoding to copy filtered resources.
2013-02-08 09:15:10,732 [Worker-5] INFO  o.e.m.c.i.embedder.EclipseLogger - skip non existing resourceDirectory /Users/tsymborski/projects/onboarding/day2/solid-exercises/The-Liskov-Substitution-Principle/java/src/main/resources
2013-02-08 09:15:10,734 [Worker-5] INFO  o.e.m.c.i.embedder.EclipseLogger - Using 'UTF-8' encoding to copy filtered resources.
2013-02-08 09:15:10,734 [Worker-5] INFO  o.e.m.c.i.embedder.EclipseLogger - skip non existing resourceDirectory /Users/tsymborski/projects/onboarding/day2/solid-exercises/The-Liskov-Substitution-Principle/java/src/test/resources
2013-02-08 09:15:10,756 [Worker-9] INFO  o.e.m.c.i.l.LifecycleMappingFactory - Using org.eclipse.m2e.jdt.JarLifecycleMapping lifecycle mapping for MavenProject: com.theladders:solid-ocp:0.0.1-SNAPSHOT @ /Users/tsymborski/projects/onboarding/day2/solid-exercises/The-Open-Closed-Principle/java/pom.xml.
2013-02-08 09:15:10,776 [Worker-5] INFO  o.e.m.c.i.embedder.EclipseLogger - Using 'UTF-8' encoding to copy filtered resources.
2013-02-08 09:15:10,776 [Worker-5] INFO  o.e.m.c.i.embedder.EclipseLogger - skip non existing resourceDirectory /Users/tsymborski/projects/onboarding/day2/solid-exercises/The-Open-Closed-Principle/java/src/main/resources
2013-02-08 09:15:10,778 [Worker-5] INFO  o.e.m.c.i.embedder.EclipseLogger - Using 'UTF-8' encoding to copy filtered resources.
2013-02-08 09:15:10,778 [Worker-5] INFO  o.e.m.c.i.embedder.EclipseLogger - skip non existing resourceDirectory /Users/tsymborski/projects/onboarding/day2/solid-exercises/The-Open-Closed-Principle/java/src/test/resources
2013-02-08 09:15:10,886 [Worker-5] WARN  o.e.m.c.i.embedder.EclipseLogger - Using platform encoding (US-ASCII actually) to copy filtered resources, i.e. build is platform dependent!
2013-02-08 09:15:10,886 [Worker-5] INFO  o.e.m.c.i.embedder.EclipseLogger - skip non existing resourceDirectory /Users/tsymborski/projects/onboarding/day2/solid-exercises/The-Single-Responsibility-Principle/java/src/main/resources
2013-02-08 09:15:10,888 [Worker-5] WARN  o.e.m.c.i.embedder.EclipseLogger - Using platform encoding (US-ASCII actually) to copy filtered resources, i.e. build is platform dependent!
2013-02-08 09:15:10,889 [Worker-5] INFO  o.e.m.c.i.embedder.EclipseLogger - skip non existing resourceDirectory /Users/tsymborski/projects/onboarding/day2/solid-exercises/The-Single-Responsibility-Principle/java/src/test/resources
2013-02-08 09:15:11,932 [Worker-5] INFO  o.e.m.c.i.embedder.EclipseLogger - Using 'UTF-8' encoding to copy filtered resources.
2013-02-08 09:15:11,932 [Worker-5] INFO  o.e.m.c.i.embedder.EclipseLogger - skip non existing resourceDirectory /Users/tsymborski/projects/onboarding/day2/solid-exercises/The-Open-Closed-Principle/java/src/main/resources
2013-02-08 09:15:11,933 [Worker-5] INFO  o.e.m.c.i.embedder.EclipseLogger - Using 'UTF-8' encoding to copy filtered resources.
2013-02-08 09:15:11,933 [Worker-5] INFO  o.e.m.c.i.embedder.EclipseLogger - skip non existing resourceDirectory /Users/tsymborski/projects/onboarding/day2/solid-exercises/The-Open-Closed-Principle/java/src/test/resources
2013-02-08 09:15:11,941 [Worker-5] WARN  o.e.m.c.i.embedder.EclipseLogger - Using platform encoding (US-ASCII actually) to copy filtered resources, i.e. build is platform dependent!
2013-02-08 09:15:11,941 [Worker-5] INFO  o.e.m.c.i.embedder.EclipseLogger - skip non existing resourceDirectory /Users/tsymborski/projects/onboarding/day2/solid-exercises/The-Single-Responsibility-Principle/java/src/main/resources
2013-02-08 09:15:11,944 [Worker-5] WARN  o.e.m.c.i.embedder.EclipseLogger - Using platform encoding (US-ASCII actually) to copy filtered resources, i.e. build is platform dependent!
2013-02-08 09:15:11,944 [Worker-5] INFO  o.e.m.c.i.embedder.EclipseLogger - skip non existing resourceDirectory /Users/tsymborski/projects/onboarding/day2/solid-exercises/The-Single-Responsibility-Principle/java/src/test/resources
2013-02-08 09:17:02,176 [Worker-3] WARN  o.e.m.c.i.embedder.EclipseLogger - Using platform encoding (US-ASCII actually) to copy filtered resources, i.e. build is platform dependent!
2013-02-08 09:17:02,176 [Worker-3] INFO  o.e.m.c.i.embedder.EclipseLogger - skip non existing resourceDirectory /Users/tsymborski/projects/onboarding/day2/solid-exercises/The-Single-Responsibility-Principle/java/src/main/resources
2013-02-08 09:17:02,178 [Worker-3] WARN  o.e.m.c.i.embedder.EclipseLogger - Using platform encoding (US-ASCII actually) to copy filtered resources, i.e. build is platform dependent!
2013-02-08 09:17:02,178 [Worker-3] INFO  o.e.m.c.i.embedder.EclipseLogger - skip non existing resourceDirectory /Users/tsymborski/projects/onboarding/day2/solid-exercises/The-Single-Responsibility-Principle/java/src/test/resources
2013-02-08 09:18:00,168 [Worker-9] WARN  o.e.m.c.i.embedder.EclipseLogger - Using platform encoding (US-ASCII actually) to copy filtered resources, i.e. build is platform dependent!
2013-02-08 09:18:00,169 [Worker-9] INFO  o.e.m.c.i.embedder.EclipseLogger - skip non existing resourceDirectory /Users/tsymborski/projects/onboarding/day2/solid-exercises/The-Single-Responsibility-Principle/java/src/main/resources
2013-02-08 09:18:00,170 [Worker-9] WARN  o.e.m.c.i.embedder.EclipseLogger - Using platform encoding (US-ASCII actually) to copy filtered resources, i.e. build is platform dependent!
2013-02-08 09:18:00,170 [Worker-9] INFO  o.e.m.c.i.embedder.EclipseLogger - skip non existing resourceDirectory /Users/tsymborski/projects/onboarding/day2/solid-exercises/The-Single-Responsibility-Principle/java/src/test/resources
2013-02-08 09:18:54,648 [Worker-5] WARN  o.e.m.c.i.embedder.EclipseLogger - Using platform encoding (US-ASCII actually) to copy filtered resources, i.e. build is platform dependent!
2013-02-08 09:18:54,648 [Worker-5] INFO  o.e.m.c.i.embedder.EclipseLogger - skip non existing resourceDirectory /Users/tsymborski/projects/onboarding/day2/solid-exercises/The-Single-Responsibility-Principle/java/src/main/resources
2013-02-08 09:18:54,649 [Worker-5] WARN  o.e.m.c.i.embedder.EclipseLogger - Using platform encoding (US-ASCII actually) to copy filtered resources, i.e. build is platform dependent!
2013-02-08 09:18:54,650 [Worker-5] INFO  o.e.m.c.i.embedder.EclipseLogger - skip non existing resourceDirectory /Users/tsymborski/projects/onboarding/day2/solid-exercises/The-Single-Responsibility-Principle/java/src/test/resources
2013-02-08 09:19:29,387 [Worker-3] WARN  o.e.m.c.i.embedder.EclipseLogger - Using platform encoding (US-ASCII actually) to copy filtered resources, i.e. build is platform dependent!
2013-02-08 09:19:29,387 [Worker-3] INFO  o.e.m.c.i.embedder.EclipseLogger - skip non existing resourceDirectory /Users/tsymborski/projects/onboarding/day2/solid-exercises/The-Single-Responsibility-Principle/java/src/main/resources
2013-02-08 09:19:29,388 [Worker-3] WARN  o.e.m.c.i.embedder.EclipseLogger - Using platform encoding (US-ASCII actually) to copy filtered resources, i.e. build is platform dependent!
2013-02-08 09:19:29,388 [Worker-3] INFO  o.e.m.c.i.embedder.EclipseLogger - skip non existing resourceDirectory /Users/tsymborski/projects/onboarding/day2/solid-exercises/The-Single-Responsibility-Principle/java/src/test/resources
2013-02-08 09:21:52,970 [Worker-9] WARN  o.e.m.c.i.embedder.EclipseLogger - Using platform encoding (US-ASCII actually) to copy filtered resources, i.e. build is platform dependent!
2013-02-08 09:21:52,971 [Worker-9] INFO  o.e.m.c.i.embedder.EclipseLogger - skip non existing resourceDirectory /Users/tsymborski/projects/onboarding/day2/solid-exercises/The-Single-Responsibility-Principle/java/src/main/resources
2013-02-08 09:21:52,972 [Worker-9] WARN  o.e.m.c.i.embedder.EclipseLogger - Using platform encoding (US-ASCII actually) to copy filtered resources, i.e. build is platform dependent!
2013-02-08 09:21:52,972 [Worker-9] INFO  o.e.m.c.i.embedder.EclipseLogger - skip non existing resourceDirectory /Users/tsymborski/projects/onboarding/day2/solid-exercises/The-Single-Responsibility-Principle/java/src/test/resources
2013-02-08 09:22:34,119 [Worker-1] WARN  o.e.m.c.i.embedder.EclipseLogger - Using platform encoding (US-ASCII actually) to copy filtered resources, i.e. build is platform dependent!
2013-02-08 09:22:34,119 [Worker-1] INFO  o.e.m.c.i.embedder.EclipseLogger - skip non existing resourceDirectory /Users/tsymborski/projects/onboarding/day2/solid-exercises/The-Single-Responsibility-Principle/java/src/main/resources
2013-02-08 09:22:34,120 [Worker-1] WARN  o.e.m.c.i.embedder.EclipseLogger - Using platform encoding (US-ASCII actually) to copy filtered resources, i.e. build is platform dependent!
2013-02-08 09:22:34,120 [Worker-1] INFO  o.e.m.c.i.embedder.EclipseLogger - skip non existing resourceDirectory /Users/tsymborski/projects/onboarding/day2/solid-exercises/The-Single-Responsibility-Principle/java/src/test/resources
2013-02-08 09:23:19,196 [Worker-0] WARN  o.e.m.c.i.embedder.EclipseLogger - Using platform encoding (US-ASCII actually) to copy filtered resources, i.e. build is platform dependent!
2013-02-08 09:23:19,197 [Worker-0] INFO  o.e.m.c.i.embedder.EclipseLogger - skip non existing resourceDirectory /Users/tsymborski/projects/onboarding/day2/solid-exercises/The-Single-Responsibility-Principle/java/src/main/resources
2013-02-08 09:23:19,198 [Worker-0] WARN  o.e.m.c.i.embedder.EclipseLogger - Using platform encoding (US-ASCII actually) to copy filtered resources, i.e. build is platform dependent!
2013-02-08 09:23:19,198 [Worker-0] INFO  o.e.m.c.i.embedder.EclipseLogger - skip non existing resourceDirectory /Users/tsymborski/projects/onboarding/day2/solid-exercises/The-Single-Responsibility-Principle/java/src/test/resources
2013-02-08 09:25:18,803 [Worker-9] WARN  o.e.m.c.i.embedder.EclipseLogger - Using platform encoding (US-ASCII actually) to copy filtered resources, i.e. build is platform dependent!
2013-02-08 09:25:18,804 [Worker-9] INFO  o.e.m.c.i.embedder.EclipseLogger - skip non existing resourceDirectory /Users/tsymborski/projects/onboarding/day2/solid-exercises/The-Single-Responsibility-Principle/java/src/main/resources
2013-02-08 09:25:18,806 [Worker-9] WARN  o.e.m.c.i.embedder.EclipseLogger - Using platform encoding (US-ASCII actually) to copy filtered resources, i.e. build is platform dependent!
2013-02-08 09:25:18,806 [Worker-9] INFO  o.e.m.c.i.embedder.EclipseLogger - skip non existing resourceDirectory /Users/tsymborski/projects/onboarding/day2/solid-exercises/The-Single-Responsibility-Principle/java/src/test/resources
2013-02-08 09:33:37,779 [Worker-17] WARN  o.e.m.c.i.embedder.EclipseLogger - Using platform encoding (US-ASCII actually) to copy filtered resources, i.e. build is platform dependent!
2013-02-08 09:33:37,779 [Worker-17] INFO  o.e.m.c.i.embedder.EclipseLogger - skip non existing resourceDirectory /Users/tsymborski/projects/onboarding/day2/solid-exercises/The-Single-Responsibility-Principle/java/src/main/resources
2013-02-08 09:33:37,781 [Worker-17] WARN  o.e.m.c.i.embedder.EclipseLogger - Using platform encoding (US-ASCII actually) to copy filtered resources, i.e. build is platform dependent!
2013-02-08 09:33:37,781 [Worker-17] INFO  o.e.m.c.i.embedder.EclipseLogger - skip non existing resourceDirectory /Users/tsymborski/projects/onboarding/day2/solid-exercises/The-Single-Responsibility-Principle/java/src/test/resources
2013-02-08 09:33:47,559 [Worker-17] WARN  o.e.m.c.i.embedder.EclipseLogger - Using platform encoding (US-ASCII actually) to copy filtered resources, i.e. build is platform dependent!
2013-02-08 09:33:47,560 [Worker-17] INFO  o.e.m.c.i.embedder.EclipseLogger - skip non existing resourceDirectory /Users/tsymborski/projects/onboarding/day2/solid-exercises/The-Single-Responsibility-Principle/java/src/main/resources
2013-02-08 09:33:47,561 [Worker-17] WARN  o.e.m.c.i.embedder.EclipseLogger - Using platform encoding (US-ASCII actually) to copy filtered resources, i.e. build is platform dependent!
2013-02-08 09:33:47,561 [Worker-17] INFO  o.e.m.c.i.embedder.EclipseLogger - skip non existing resourceDirectory /Users/tsymborski/projects/onboarding/day2/solid-exercises/The-Single-Responsibility-Principle/java/src/test/resources
2013-02-08 09:35:21,591 [Worker-16] WARN  o.e.m.c.i.embedder.EclipseLogger - Using platform encoding (US-ASCII actually) to copy filtered resources, i.e. build is platform dependent!
2013-02-08 09:35:21,592 [Worker-16] INFO  o.e.m.c.i.embedder.EclipseLogger - skip non existing resourceDirectory /Users/tsymborski/projects/onboarding/day2/solid-exercises/The-Single-Responsibility-Principle/java/src/main/resources
2013-02-08 09:35:21,593 [Worker-16] WARN  o.e.m.c.i.embedder.EclipseLogger - Using platform encoding (US-ASCII actually) to copy filtered resources, i.e. build is platform dependent!
2013-02-08 09:35:21,593 [Worker-16] INFO  o.e.m.c.i.embedder.EclipseLogger - skip non existing resourceDirectory /Users/tsymborski/projects/onboarding/day2/solid-exercises/The-Single-Responsibility-Principle/java/src/test/resources
2013-02-08 09:36:06,743 [main] INFO  c.n.h.c.p.n.NettyAsyncHttpProvider - Number of application's worked threads is 16
2013-02-08 09:36:06,927 [pool-7-thread-1] INFO  c.n.h.c.p.n.NettyAsyncHttpProvider - Number of application's worked threads is 16
2013-02-08 09:36:06,961 [main] ERROR o.e.r.i.r.repo.ModelRepositoryIndex - Failed to open search index.
org.apache.lucene.index.IndexNotFoundException: no segments* file found in org.apache.lucene.store.NIOFSDirectory@/Users/tsymborski/projects/onboarding/day2/solid-exercises/.metadata/.plugins/org.eclipse.recommenders.rcp/index lockFactory=org.apache.lucene.store.NativeFSLockFactory@544aafec: files: []
	at org.apache.lucene.index.SegmentInfos$FindSegmentsFile.run(SegmentInfos.java:712) ~[org.apache.lucene.core_3.5.0.v20120319-2345.jar:3.5.0 1204988 - simon - 2011-11-22 14:46:51]
	at org.apache.lucene.index.DirectoryReader.open(DirectoryReader.java:75) ~[org.apache.lucene.core_3.5.0.v20120319-2345.jar:3.5.0 1204988 - simon - 2011-11-22 14:46:51]
	at org.apache.lucene.index.IndexReader.open(IndexReader.java:462) ~[org.apache.lucene.core_3.5.0.v20120319-2345.jar:3.5.0 1204988 - simon - 2011-11-22 14:46:51]
	at org.apache.lucene.index.IndexReader.open(IndexReader.java:308) ~[org.apache.lucene.core_3.5.0.v20120319-2345.jar:3.5.0 1204988 - simon - 2011-11-22 14:46:51]
	at org.eclipse.recommenders.internal.rcp.repo.ModelRepositoryIndex.open(ModelRepositoryIndex.java:64) ~[org.eclipse.recommenders.rcp_1.0.0.v20120914-1432-b175.jar:na]
	at org.eclipse.recommenders.internal.rcp.wiring.RecommendersModule$ServicesInitializer.<init>(RecommendersModule.java:365) [org.eclipse.recommenders.rcp_1.0.0.v20120914-1432-b175.jar:na]
	at sun.reflect.NativeConstructorAccessorImpl.newInstance0(Native Method) [na:1.7.0_13]
	at sun.reflect.NativeConstructorAccessorImpl.newInstance(NativeConstructorAccessorImpl.java:57) [na:1.7.0_13]
	at sun.reflect.DelegatingConstructorAccessorImpl.newInstance(DelegatingConstructorAccessorImpl.java:45) [na:1.7.0_13]
	at java.lang.reflect.Constructor.newInstance(Constructor.java:525) [na:1.7.0_13]
	at com.google.inject.internal.DefaultConstructionProxyFactory$1.newInstance(DefaultConstructionProxyFactory.java:85) [com.google.inject_3.0.0.v201203062045.jar:na]
	at com.google.inject.internal.ConstructorInjector.construct(ConstructorInjector.java:85) [com.google.inject_3.0.0.v201203062045.jar:na]
	at com.google.inject.internal.ConstructorBindingImpl$Factory.get(ConstructorBindingImpl.java:254) [com.google.inject_3.0.0.v201203062045.jar:na]
	at com.google.inject.internal.ProviderToInternalFactoryAdapter$1.call(ProviderToInternalFactoryAdapter.java:46) [com.google.inject_3.0.0.v201203062045.jar:na]
	at com.google.inject.internal.InjectorImpl.callInContext(InjectorImpl.java:1031) [com.google.inject_3.0.0.v201203062045.jar:na]
	at com.google.inject.internal.ProviderToInternalFactoryAdapter.get(ProviderToInternalFactoryAdapter.java:40) [com.google.inject_3.0.0.v201203062045.jar:na]
	at com.google.inject.Scopes$1$1.get(Scopes.java:65) [com.google.inject_3.0.0.v201203062045.jar:na]
	at com.google.inject.internal.InternalFactoryToProviderAdapter.get(InternalFactoryToProviderAdapter.java:40) [com.google.inject_3.0.0.v201203062045.jar:na]
	at com.google.inject.internal.InternalInjectorCreator$1.call(InternalInjectorCreator.java:204) [com.google.inject_3.0.0.v201203062045.jar:na]
	at com.google.inject.internal.InternalInjectorCreator$1.call(InternalInjectorCreator.java:198) [com.google.inject_3.0.0.v201203062045.jar:na]
	at com.google.inject.internal.InjectorImpl.callInContext(InjectorImpl.java:1024) [com.google.inject_3.0.0.v201203062045.jar:na]
	at com.google.inject.internal.InternalInjectorCreator.loadEagerSingletons(InternalInjectorCreator.java:198) [com.google.inject_3.0.0.v201203062045.jar:na]
	at com.google.inject.internal.InternalInjectorCreator.injectDynamically(InternalInjectorCreator.java:179) [com.google.inject_3.0.0.v201203062045.jar:na]
	at com.google.inject.internal.InternalInjectorCreator.build(InternalInjectorCreator.java:109) [com.google.inject_3.0.0.v201203062045.jar:na]
	at com.google.inject.Guice.createInjector(Guice.java:95) [com.google.inject_3.0.0.v201203062045.jar:na]
	at com.google.inject.Guice.createInjector(Guice.java:72) [com.google.inject_3.0.0.v201203062045.jar:na]
	at org.eclipse.recommenders.injection.InjectionService.getInjector(InjectionService.java:47) [org.eclipse.recommenders.injection_1.0.0.v20120914-1432-b175.jar:na]
	at org.eclipse.recommenders.injection.ExtensionFactory.<init>(ExtensionFactory.java:28) [org.eclipse.recommenders.injection_1.0.0.v20120914-1432-b175.jar:na]
	at sun.reflect.NativeConstructorAccessorImpl.newInstance0(Native Method) [na:1.7.0_13]
	at sun.reflect.NativeConstructorAccessorImpl.newInstance(NativeConstructorAccessorImpl.java:57) [na:1.7.0_13]
	at sun.reflect.DelegatingConstructorAccessorImpl.newInstance(DelegatingConstructorAccessorImpl.java:45) [na:1.7.0_13]
	at java.lang.reflect.Constructor.newInstance(Constructor.java:525) [na:1.7.0_13]
	at java.lang.Class.newInstance0(Class.java:374) [na:1.7.0_13]
	at java.lang.Class.newInstance(Class.java:327) [na:1.7.0_13]
	at org.eclipse.core.internal.registry.osgi.RegistryStrategyOSGI.createExecutableExtension(RegistryStrategyOSGI.java:184) [org.eclipse.equinox.registry_3.5.200.v20120522-1841.jar:na]
	at org.eclipse.core.internal.registry.ExtensionRegistry.createExecutableExtension(ExtensionRegistry.java:905) [org.eclipse.equinox.registry_3.5.200.v20120522-1841.jar:na]
	at org.eclipse.core.internal.registry.ConfigurationElement.createExecutableExtension(ConfigurationElement.java:243) [org.eclipse.equinox.registry_3.5.200.v20120522-1841.jar:na]
	at org.eclipse.core.internal.registry.ConfigurationElementHandle.createExecutableExtension(ConfigurationElementHandle.java:55) [org.eclipse.equinox.registry_3.5.200.v20120522-1841.jar:na]
	at org.eclipse.jdt.internal.ui.text.java.CompletionProposalComputerDescriptor.createComputer(CompletionProposalComputerDescriptor.java:308) [org.eclipse.jdt.ui_3.8.1.v20120814-144251.jar:na]
	at org.eclipse.jdt.internal.ui.text.java.CompletionProposalComputerDescriptor.getComputer(CompletionProposalComputerDescriptor.java:275) [org.eclipse.jdt.ui_3.8.1.v20120814-144251.jar:na]
	at org.eclipse.jdt.internal.ui.text.java.CompletionProposalComputerDescriptor.sessionStarted(CompletionProposalComputerDescriptor.java:418) [org.eclipse.jdt.ui_3.8.1.v20120814-144251.jar:na]
	at org.eclipse.jdt.internal.ui.text.java.CompletionProposalCategory.sessionStarted(CompletionProposalCategory.java:389) [org.eclipse.jdt.ui_3.8.1.v20120814-144251.jar:na]
	at org.eclipse.jdt.internal.ui.text.java.ContentAssistProcessor$CompletionListener.assistSessionStarted(ContentAssistProcessor.java:119) [org.eclipse.jdt.ui_3.8.1.v20120814-144251.jar:na]
	at org.eclipse.jface.text.contentassist.ContentAssistant.fireSessionBeginEvent(ContentAssistant.java:2221) [org.eclipse.jface.text_3.8.1.v20120828-155502.jar:na]
	at org.eclipse.jface.text.contentassist.ContentAssistant.prepareToShowCompletions(ContentAssistant.java:1696) [org.eclipse.jface.text_3.8.1.v20120828-155502.jar:na]
	at org.eclipse.jface.text.contentassist.ContentAssistant.access$6(ContentAssistant.java:1687) [org.eclipse.jface.text_3.8.1.v20120828-155502.jar:na]
	at org.eclipse.jface.text.contentassist.ContentAssistant$2.run(ContentAssistant.java:376) [org.eclipse.jface.text_3.8.1.v20120828-155502.jar:na]
	at org.eclipse.swt.widgets.RunnableLock.run(RunnableLock.java:35) [org.eclipse.swt.cocoa.macosx.x86_64_3.100.1.v4234e.jar:na]
	at org.eclipse.swt.widgets.Synchronizer.runAsyncMessages(Synchronizer.java:135) [org.eclipse.swt.cocoa.macosx.x86_64_3.100.1.v4234e.jar:na]
	at org.eclipse.swt.widgets.Display.runAsyncMessages(Display.java:3944) [org.eclipse.swt.cocoa.macosx.x86_64_3.100.1.v4234e.jar:na]
	at org.eclipse.swt.widgets.Display.readAndDispatch(Display.java:3621) [org.eclipse.swt.cocoa.macosx.x86_64_3.100.1.v4234e.jar:na]
	at org.eclipse.e4.ui.internal.workbench.swt.PartRenderingEngine$9.run(PartRenderingEngine.java:1029) [org.eclipse.e4.ui.workbench.swt_0.10.2.v20120802-184737.jar:na]
	at org.eclipse.core.databinding.observable.Realm.runWithDefault(Realm.java:332) [org.eclipse.core.databinding.observable_1.4.1.v20120521-2329.jar:na]
	at org.eclipse.e4.ui.internal.workbench.swt.PartRenderingEngine.run(PartRenderingEngine.java:923) [org.eclipse.e4.ui.workbench.swt_0.10.2.v20120802-184737.jar:na]
	at org.eclipse.e4.ui.internal.workbench.E4Workbench.createAndRunUI(E4Workbench.java:86) [org.eclipse.e4.ui.workbench_0.10.3.v20120822-140642.jar:na]
	at org.eclipse.ui.internal.Workbench$5.run(Workbench.java:588) [org.eclipse.ui.workbench_3.103.1.v20120906-120042.jar:na]
	at org.eclipse.core.databinding.observable.Realm.runWithDefault(Realm.java:332) [org.eclipse.core.databinding.observable_1.4.1.v20120521-2329.jar:na]
	at org.eclipse.ui.internal.Workbench.createAndRunWorkbench(Workbench.java:543) [org.eclipse.ui.workbench_3.103.1.v20120906-120042.jar:na]
	at org.eclipse.ui.PlatformUI.createAndRunWorkbench(PlatformUI.java:149) [org.eclipse.ui.workbench_3.103.1.v20120906-120042.jar:na]
	at org.eclipse.ui.internal.ide.application.IDEApplication.start(IDEApplication.java:124) [org.eclipse.ui.ide.application_1.0.400.v20120523-1955.jar:na]
	at org.eclipse.equinox.internal.app.EclipseAppHandle.run(EclipseAppHandle.java:196) [org.eclipse.equinox.app_1.3.100.v20120522-1841.jar:na]
	at org.eclipse.core.runtime.internal.adaptor.EclipseAppLauncher.runApplication(EclipseAppLauncher.java:110) [org.eclipse.osgi_3.8.1.v20120830-144521.jar:na]
	at org.eclipse.core.runtime.internal.adaptor.EclipseAppLauncher.start(EclipseAppLauncher.java:79) [org.eclipse.osgi_3.8.1.v20120830-144521.jar:na]
	at org.eclipse.core.runtime.adaptor.EclipseStarter.run(EclipseStarter.java:353) [org.eclipse.osgi_3.8.1.v20120830-144521.jar:na]
	at org.eclipse.core.runtime.adaptor.EclipseStarter.run(EclipseStarter.java:180) [org.eclipse.osgi_3.8.1.v20120830-144521.jar:na]
	at sun.reflect.NativeMethodAccessorImpl.invoke0(Native Method) ~[na:1.7.0_13]
	at sun.reflect.NativeMethodAccessorImpl.invoke(NativeMethodAccessorImpl.java:57) ~[na:1.7.0_13]
	at sun.reflect.DelegatingMethodAccessorImpl.invoke(DelegatingMethodAccessorImpl.java:43) ~[na:1.7.0_13]
	at java.lang.reflect.Method.invoke(Method.java:601) ~[na:1.7.0_13]
	at org.eclipse.equinox.launcher.Main.invokeFramework(Main.java:629) [org.eclipse.equinox.launcher_1.3.0.v20120522-1813.jar:na]
	at org.eclipse.equinox.launcher.Main.basicRun(Main.java:584) [org.eclipse.equinox.launcher_1.3.0.v20120522-1813.jar:na]
	at org.eclipse.equinox.launcher.Main.run(Main.java:1438) [org.eclipse.equinox.launcher_1.3.0.v20120522-1813.jar:na]
2013-02-08 09:36:07,542 [pool-9-thread-1] INFO  c.n.h.c.p.n.NettyAsyncHttpProvider - Number of application's worked threads is 16
2013-02-08 09:37:08,562 [Worker-20] WARN  o.e.m.c.i.embedder.EclipseLogger - Using platform encoding (US-ASCII actually) to copy filtered resources, i.e. build is platform dependent!
2013-02-08 09:37:08,563 [Worker-20] INFO  o.e.m.c.i.embedder.EclipseLogger - skip non existing resourceDirectory /Users/tsymborski/projects/onboarding/day2/solid-exercises/The-Single-Responsibility-Principle/java/src/main/resources
2013-02-08 09:37:08,564 [Worker-20] WARN  o.e.m.c.i.embedder.EclipseLogger - Using platform encoding (US-ASCII actually) to copy filtered resources, i.e. build is platform dependent!
2013-02-08 09:37:08,564 [Worker-20] INFO  o.e.m.c.i.embedder.EclipseLogger - skip non existing resourceDirectory /Users/tsymborski/projects/onboarding/day2/solid-exercises/The-Single-Responsibility-Principle/java/src/test/resources
2013-02-08 09:37:12,771 [Worker-15] WARN  o.e.m.c.i.embedder.EclipseLogger - Using platform encoding (US-ASCII actually) to copy filtered resources, i.e. build is platform dependent!
2013-02-08 09:37:12,771 [Worker-15] INFO  o.e.m.c.i.embedder.EclipseLogger - skip non existing resourceDirectory /Users/tsymborski/projects/onboarding/day2/solid-exercises/The-Single-Responsibility-Principle/java/src/main/resources
2013-02-08 09:37:12,772 [Worker-15] WARN  o.e.m.c.i.embedder.EclipseLogger - Using platform encoding (US-ASCII actually) to copy filtered resources, i.e. build is platform dependent!
2013-02-08 09:37:12,773 [Worker-15] INFO  o.e.m.c.i.embedder.EclipseLogger - skip non existing resourceDirectory /Users/tsymborski/projects/onboarding/day2/solid-exercises/The-Single-Responsibility-Principle/java/src/test/resources
2013-02-08 09:37:23,162 [Worker-20] WARN  o.e.m.c.i.embedder.EclipseLogger - Using platform encoding (US-ASCII actually) to copy filtered resources, i.e. build is platform dependent!
2013-02-08 09:37:23,162 [Worker-20] INFO  o.e.m.c.i.embedder.EclipseLogger - skip non existing resourceDirectory /Users/tsymborski/projects/onboarding/day2/solid-exercises/The-Single-Responsibility-Principle/java/src/main/resources
2013-02-08 09:37:23,165 [Worker-20] WARN  o.e.m.c.i.embedder.EclipseLogger - Using platform encoding (US-ASCII actually) to copy filtered resources, i.e. build is platform dependent!
2013-02-08 09:37:23,165 [Worker-20] INFO  o.e.m.c.i.embedder.EclipseLogger - skip non existing resourceDirectory /Users/tsymborski/projects/onboarding/day2/solid-exercises/The-Single-Responsibility-Principle/java/src/test/resources
2013-02-08 09:38:18,997 [Worker-20] WARN  o.e.m.c.i.embedder.EclipseLogger - Using platform encoding (US-ASCII actually) to copy filtered resources, i.e. build is platform dependent!
2013-02-08 09:38:18,997 [Worker-20] INFO  o.e.m.c.i.embedder.EclipseLogger - skip non existing resourceDirectory /Users/tsymborski/projects/onboarding/day2/solid-exercises/The-Single-Responsibility-Principle/java/src/main/resources
2013-02-08 09:38:18,998 [Worker-20] WARN  o.e.m.c.i.embedder.EclipseLogger - Using platform encoding (US-ASCII actually) to copy filtered resources, i.e. build is platform dependent!
2013-02-08 09:38:18,999 [Worker-20] INFO  o.e.m.c.i.embedder.EclipseLogger - skip non existing resourceDirectory /Users/tsymborski/projects/onboarding/day2/solid-exercises/The-Single-Responsibility-Principle/java/src/test/resources
2013-02-08 09:38:29,622 [Worker-20] WARN  o.e.m.c.i.embedder.EclipseLogger - Using platform encoding (US-ASCII actually) to copy filtered resources, i.e. build is platform dependent!
2013-02-08 09:38:29,622 [Worker-20] INFO  o.e.m.c.i.embedder.EclipseLogger - skip non existing resourceDirectory /Users/tsymborski/projects/onboarding/day2/solid-exercises/The-Single-Responsibility-Principle/java/src/main/resources
2013-02-08 09:38:29,623 [Worker-20] WARN  o.e.m.c.i.embedder.EclipseLogger - Using platform encoding (US-ASCII actually) to copy filtered resources, i.e. build is platform dependent!
2013-02-08 09:38:29,624 [Worker-20] INFO  o.e.m.c.i.embedder.EclipseLogger - skip non existing resourceDirectory /Users/tsymborski/projects/onboarding/day2/solid-exercises/The-Single-Responsibility-Principle/java/src/test/resources
2013-02-08 09:38:42,030 [Worker-18] WARN  o.e.m.c.i.embedder.EclipseLogger - Using platform encoding (US-ASCII actually) to copy filtered resources, i.e. build is platform dependent!
2013-02-08 09:38:42,031 [Worker-18] INFO  o.e.m.c.i.embedder.EclipseLogger - skip non existing resourceDirectory /Users/tsymborski/projects/onboarding/day2/solid-exercises/The-Single-Responsibility-Principle/java/src/main/resources
2013-02-08 09:38:42,032 [Worker-18] WARN  o.e.m.c.i.embedder.EclipseLogger - Using platform encoding (US-ASCII actually) to copy filtered resources, i.e. build is platform dependent!
2013-02-08 09:38:42,032 [Worker-18] INFO  o.e.m.c.i.embedder.EclipseLogger - skip non existing resourceDirectory /Users/tsymborski/projects/onboarding/day2/solid-exercises/The-Single-Responsibility-Principle/java/src/test/resources
2013-02-08 09:38:49,831 [Worker-9] WARN  o.e.m.c.i.embedder.EclipseLogger - Using platform encoding (US-ASCII actually) to copy filtered resources, i.e. build is platform dependent!
2013-02-08 09:38:49,832 [Worker-9] INFO  o.e.m.c.i.embedder.EclipseLogger - skip non existing resourceDirectory /Users/tsymborski/projects/onboarding/day2/solid-exercises/The-Single-Responsibility-Principle/java/src/main/resources
2013-02-08 09:38:49,833 [Worker-9] WARN  o.e.m.c.i.embedder.EclipseLogger - Using platform encoding (US-ASCII actually) to copy filtered resources, i.e. build is platform dependent!
2013-02-08 09:38:49,833 [Worker-9] INFO  o.e.m.c.i.embedder.EclipseLogger - skip non existing resourceDirectory /Users/tsymborski/projects/onboarding/day2/solid-exercises/The-Single-Responsibility-Principle/java/src/test/resources
2013-02-08 09:39:19,028 [Worker-25] WARN  o.e.m.c.i.embedder.EclipseLogger - Using platform encoding (US-ASCII actually) to copy filtered resources, i.e. build is platform dependent!
2013-02-08 09:39:19,028 [Worker-25] INFO  o.e.m.c.i.embedder.EclipseLogger - skip non existing resourceDirectory /Users/tsymborski/projects/onboarding/day2/solid-exercises/The-Single-Responsibility-Principle/java/src/main/resources
2013-02-08 09:39:19,029 [Worker-25] WARN  o.e.m.c.i.embedder.EclipseLogger - Using platform encoding (US-ASCII actually) to copy filtered resources, i.e. build is platform dependent!
2013-02-08 09:39:19,029 [Worker-25] INFO  o.e.m.c.i.embedder.EclipseLogger - skip non existing resourceDirectory /Users/tsymborski/projects/onboarding/day2/solid-exercises/The-Single-Responsibility-Principle/java/src/test/resources
2013-02-08 09:39:30,924 [Worker-15] WARN  o.e.m.c.i.embedder.EclipseLogger - Using platform encoding (US-ASCII actually) to copy filtered resources, i.e. build is platform dependent!
2013-02-08 09:39:30,924 [Worker-15] INFO  o.e.m.c.i.embedder.EclipseLogger - skip non existing resourceDirectory /Users/tsymborski/projects/onboarding/day2/solid-exercises/The-Single-Responsibility-Principle/java/src/main/resources
2013-02-08 09:39:30,925 [Worker-15] WARN  o.e.m.c.i.embedder.EclipseLogger - Using platform encoding (US-ASCII actually) to copy filtered resources, i.e. build is platform dependent!
2013-02-08 09:39:30,926 [Worker-15] INFO  o.e.m.c.i.embedder.EclipseLogger - skip non existing resourceDirectory /Users/tsymborski/projects/onboarding/day2/solid-exercises/The-Single-Responsibility-Principle/java/src/test/resources
2013-02-08 09:39:44,476 [Worker-22] WARN  o.e.m.c.i.embedder.EclipseLogger - Using platform encoding (US-ASCII actually) to copy filtered resources, i.e. build is platform dependent!
2013-02-08 09:39:44,477 [Worker-22] INFO  o.e.m.c.i.embedder.EclipseLogger - skip non existing resourceDirectory /Users/tsymborski/projects/onboarding/day2/solid-exercises/The-Single-Responsibility-Principle/java/src/main/resources
2013-02-08 09:39:44,478 [Worker-22] WARN  o.e.m.c.i.embedder.EclipseLogger - Using platform encoding (US-ASCII actually) to copy filtered resources, i.e. build is platform dependent!
2013-02-08 09:39:44,478 [Worker-22] INFO  o.e.m.c.i.embedder.EclipseLogger - skip non existing resourceDirectory /Users/tsymborski/projects/onboarding/day2/solid-exercises/The-Single-Responsibility-Principle/java/src/test/resources
2013-02-08 09:40:07,800 [Worker-15] WARN  o.e.m.c.i.embedder.EclipseLogger - Using platform encoding (US-ASCII actually) to copy filtered resources, i.e. build is platform dependent!
2013-02-08 09:40:07,801 [Worker-15] INFO  o.e.m.c.i.embedder.EclipseLogger - skip non existing resourceDirectory /Users/tsymborski/projects/onboarding/day2/solid-exercises/The-Single-Responsibility-Principle/java/src/main/resources
2013-02-08 09:40:07,802 [Worker-15] WARN  o.e.m.c.i.embedder.EclipseLogger - Using platform encoding (US-ASCII actually) to copy filtered resources, i.e. build is platform dependent!
2013-02-08 09:40:07,803 [Worker-15] INFO  o.e.m.c.i.embedder.EclipseLogger - skip non existing resourceDirectory /Users/tsymborski/projects/onboarding/day2/solid-exercises/The-Single-Responsibility-Principle/java/src/test/resources
